d:\licf\study\vs project\all code i have done\c programming book\debug\vc120.pdb
d:\licf\study\vs project\all code i have done\c programming book\debug\vc120.idb
d:\licf\study\vs project\all code i have done\c programming book\debug\gcd.obj
d:\licf\study\vs project\all code i have done\c programming book\debug\isprime.obj
d:\licf\study\vs project\all code i have done\c programming book\debug\delete specific data in linkedlist.obj
d:\licf\study\vs project\all code i have done\c programming book\debug\hanoi.obj
d:\licf\study\vs project\all code i have done\c programming book\debug\insert s1 s1 pos.obj
d:\licf\study\vs project\all code i have done\c programming book\debug\ispalindrome.obj
d:\licf\study\vs project\all code i have done\c programming book\debug\josephus problem.obj
d:\licf\study\vs project\all code i have done\c programming book\debug\students linkedlist info.obj
d:\licf\study\vs project\all code i have done\c programming book\debug\magic matric.obj
d:\licf\study\vs project\all code i have done\c programming book\debug\monkey eat pears.obj
d:\licf\study\vs project\all code i have done\c programming book\debug\saddle point in 2d array.obj
d:\licf\study\vs project\all code i have done\c programming book\debug\specific letter graphic.obj
d:\licf\study\vs project\all code i have done\c programming book\debug\spiral matrix.obj
d:\licf\study\vs project\all code i have done\c programming book\debug\studentsinfo.obj
d:\licf\study\vs project\all code i have done\c programming book\debug\studentsregistertable.obj
d:\licf\study\vs project\all code i have done\c programming book\debug\swap.obj
d:\licf\study\vs project\all code i have done\c programming book\debug\the day in this year.obj
d:\licf\study\vs project\all code i have done\c programming book\debug\binarysearch.obj
d:\licf\study\vs project\all code i have done\c programming book\debug\bytesaligning.obj
d:\licf\study\vs project\all code i have done\c programming book\debug\16进制与10进制相互转换.obj
d:\licf\study\vs project\all code i have done\c programming book\debug\combination permutation powerset.obj
d:\licf\study\vs project\all code i have done\c programming book\debug\sizeof.obj
d:\licf\study\vs project\all code i have done\c programming book\debug\stringsplit.obj
d:\licf\study\vs project\all code i have done\c programming book\debug\xing to the end.obj
d:\licf\study\vs project\all code i have done\c programming book\debug\分解质因数.obj
d:\licf\study\vs project\all code i have done\c programming book\debug\判断是不是2的幂次方.obj
d:\licf\study\vs project\all code i have done\c programming book\debug\找使数组排序的最小序列差.obj
d:\licf\study\vs project\all code i have done\c programming book\debug\括号匹配一共多少种.obj
d:\licf\study\vs project\all code i have done\c programming book\debug\指针和引用的区别.obj
d:\licf\study\vs project\all code i have done\c programming book\debug\朴素字符串匹配算法与kmp算法.obj
d:\licf\study\vs project\all code i have done\c programming book\debug\某一入栈顺序 求一共有几种出栈顺序.obj
d:\licf\study\vs project\all code i have done\c programming book\debug\递归实现全排列.obj
d:\licf\study\vs project\all code i have done\c programming book\debug\钢条切割问题.obj
d:\licf\study\vs project\all code i have done\c programming book\debug\c progra.be3f05f2.tlog\cl.command.1.tlog
d:\licf\study\vs project\all code i have done\c programming book\debug\c progra.be3f05f2.tlog\cl.read.1.tlog
d:\licf\study\vs project\all code i have done\c programming book\debug\c progra.be3f05f2.tlog\cl.write.1.tlog
d:\licf\study\vs project\all code i have done\c programming book\debug\c progra.be3f05f2.tlog\link-cvtres.read.1.tlog
d:\licf\study\vs project\all code i have done\c programming book\debug\c progra.be3f05f2.tlog\link-cvtres.write.1.tlog
d:\licf\study\vs project\all code i have done\c programming book\debug\c progra.be3f05f2.tlog\link-rc.read.1.tlog
d:\licf\study\vs project\all code i have done\c programming book\debug\c progra.be3f05f2.tlog\link-rc.write.1.tlog
d:\licf\study\vs project\all code i have done\c programming book\debug\c progra.be3f05f2.tlog\link.30472-cvtres.read.1.tlog
d:\licf\study\vs project\all code i have done\c programming book\debug\c progra.be3f05f2.tlog\link.30472-cvtres.write.1.tlog
d:\licf\study\vs project\all code i have done\c programming book\debug\c progra.be3f05f2.tlog\link.30472-rc.read.1.tlog
d:\licf\study\vs project\all code i have done\c programming book\debug\c progra.be3f05f2.tlog\link.30472-rc.write.1.tlog
d:\licf\study\vs project\all code i have done\c programming book\debug\c progra.be3f05f2.tlog\link.30472.read.1.tlog
d:\licf\study\vs project\all code i have done\c programming book\debug\c progra.be3f05f2.tlog\link.30472.write.1.tlog
d:\licf\study\vs project\all code i have done\c programming book\debug\c progra.be3f05f2.tlog\link.command.1.tlog
d:\licf\study\vs project\all code i have done\c programming book\debug\c progra.be3f05f2.tlog\link.read.1.tlog
d:\licf\study\vs project\all code i have done\c programming book\debug\c progra.be3f05f2.tlog\link.write.1.tlog
